====================================================
  KIWID: Kiwi Cloud Daemon Server
====================================================

2026/07/06 14:27:37 [32m/Users/karn/go/pkg/mod/github.com/glebarez/sqlite@v1.11.0/migrator.go:32
[0m[33m[0.345ms] [34;1m[rows:-][0m SELECT count(*) FROM sqlite_master WHERE type='table' AND name="task_states"

2026/07/06 14:27:37 [32m/Users/karn/Desktop/workspace/steelwing/pkg/orchestrator/db.go:21
[0m[33m[0.826ms] [34;1m[rows:0][0m CREATE TABLE `task_states` (`id` text,`task` text,`file_path` text,`test_cmd` text,`status` text,`logs` text,`created_at` datetime,`sandbox_path` text,`cost` real,PRIMARY KEY (`id`))
[Server] Kiwi daemon listening on :8080

2026/07/06 14:27:38 [32m/Users/karn/Desktop/workspace/steelwing/pkg/orchestrator/server.go:80
[0m[33m[0.505ms] [34;1m[rows:0][0m SELECT * FROM `task_states` ORDER BY created_at desc

2026/07/06 14:27:40 [32m/Users/karn/Desktop/workspace/steelwing/pkg/orchestrator/server.go:151
[0m[33m[0.673ms] [34;1m[rows:1][0m INSERT INTO `task_states` (`id`,`task`,`file_path`,`test_cmd`,`status`,`logs`,`created_at`,`sandbox_path`,`cost`) VALUES ("cfc4a5d6","Fix division by zero in Divide()","demo_project/math_utils.go","go test ./demo_project/...","RUNNING","","2026-07-06 14:27:40.045","/var/folders/y_/kb7r59md1yb480xkhkvvp1xh0000gp/T/kiwi-server-sandbox-1323374065",0.05)

2026/07/06 14:27:40 [32m/Users/karn/Desktop/workspace/steelwing/pkg/orchestrator/server.go:230
[0m[33m[0.278ms] [34;1m[rows:1][0m SELECT * FROM `task_states` WHERE id = "cfc4a5d6" ORDER BY `task_states`.`id` LIMIT 1

2026/07/06 14:27:40 [32m/Users/karn/Desktop/workspace/steelwing/pkg/orchestrator/server.go:80
[0m[33m[0.782ms] [34;1m[rows:1][0m SELECT * FROM `task_states` ORDER BY created_at desc

2026/07/06 14:27:40 [32m/Users/karn/Desktop/workspace/steelwing/pkg/orchestrator/server.go:182
[0m[33m[1.897ms] [34;1m[rows:1][0m UPDATE `task_states` SET `logs`="[Orchestrator] Spawned cloud sandbox at: /var/folders/y_/kb7r59md1yb480xkhkvvp1xh0000gp/T/kiwi-server-sandbox-1323374065
[Orchestrator] Desired State: Fix division by zero in Divide()
[Orchestrator] Running initial test command: go test ./demo_project/...
" WHERE id = "cfc4a5d6"

2026/07/06 14:27:40 [32m/Users/karn/Desktop/workspace/steelwing/pkg/orchestrator/server.go:166
[0m[33m[0.935ms] [34;1m[rows:1][0m UPDATE `task_states` SET `cost`=cost + 0.02 WHERE id = "cfc4a5d6"

2026/07/06 14:27:41 [32m/Users/karn/Desktop/workspace/steelwing/pkg/orchestrator/server.go:182
[0m[33m[1.753ms] [34;1m[rows:1][0m UPDATE `task_states` SET `logs`="[Orchestrator] Spawned cloud sandbox at: /var/folders/y_/kb7r59md1yb480xkhkvvp1xh0000gp/T/kiwi-server-sandbox-1323374065
[Orchestrator] Desired State: Fix division by zero in Divide()
[Orchestrator] Running initial test command: go test ./demo_project/...
[Orchestrator] Tests failed. Entering correction loop...
[Sandbox Output]:
--- FAIL: TestDivide (0.00s)
panic: runtime error: integer divide by zero [recovered]
	panic: runtime error: integer divide by zero

goroutine 34 [running]:
testing.tRunner.func1.2({0x102ac0580, 0x102b978e0})
	/usr/local/go/src/testing/testing.go:1545 +0x1c8
testing.tRunner.func1()
	/usr/local/go/src/testing/testing.go:1548 +0x360
panic({0x102ac0580?, 0x102b978e0?})
	/usr/local/go/src/runtime/panic.go:914 +0x218
github.com/ibreakthecloud/kiwi/demo_project.Divide(...)
	/var/folders/y_/kb7r59md1yb480xkhkvvp1xh0000gp/T/kiwi-server-sandbox-1323374065/demo_project/math_utils.go:5
github.com/ibreakthecloud/kiwi/demo_project.TestDivide(0x0?)
	/var/folders/y_/kb7r59md1yb480xkhkvvp1xh0000gp/T/kiwi-server-sandbox-1323374065/demo_project/math_utils_test.go:16 +0x20
testing.tRunner(0x14000120820, 0x102adf0c0)
	/usr/local/go/src/testing/testing.go:1595 +0xe8
created by testing.(*T).Run in goroutine 1
	/usr/local/go/src/testing/testing.go:1648 +0x33c
FAIL	github.com/ibreakthecloud/kiwi/demo_project	0.548s
FAIL


=== Loop Iteration 1 / 5 ===
[Actor] Simulating edit proposal...
" WHERE id = "cfc4a5d6"

2026/07/06 14:27:41 [32m/Users/karn/Desktop/workspace/steelwing/pkg/orchestrator/server.go:230
[0m[33m[2.001ms] [34;1m[rows:1][0m SELECT * FROM `task_states` WHERE id = "cfc4a5d6" ORDER BY `task_states`.`id` LIMIT 1

2026/07/06 14:27:41 [32m/Users/karn/Desktop/workspace/steelwing/pkg/orchestrator/server.go:182
[0m[33m[0.537ms] [34;1m[rows:1][0m UPDATE `task_states` SET `logs`="[Orchestrator] Spawned cloud sandbox at: /var/folders/y_/kb7r59md1yb480xkhkvvp1xh0000gp/T/kiwi-server-sandbox-1323374065
[Orchestrator] Desired State: Fix division by zero in Divide()
[Orchestrator] Running initial test command: go test ./demo_project/...
[Orchestrator] Tests failed. Entering correction loop...
[Sandbox Output]:
--- FAIL: TestDivide (0.00s)
panic: runtime error: integer divide by zero [recovered]
	panic: runtime error: integer divide by zero

goroutine 34 [running]:
testing.tRunner.func1.2({0x102ac0580, 0x102b978e0})
	/usr/local/go/src/testing/testing.go:1545 +0x1c8
testing.tRunner.func1()
	/usr/local/go/src/testing/testing.go:1548 +0x360
panic({0x102ac0580?, 0x102b978e0?})
	/usr/local/go/src/runtime/panic.go:914 +0x218
github.com/ibreakthecloud/kiwi/demo_project.Divide(...)
	/var/folders/y_/kb7r59md1yb480xkhkvvp1xh0000gp/T/kiwi-server-sandbox-1323374065/demo_project/math_utils.go:5
github.com/ibreakthecloud/kiwi/demo_project.TestDivide(0x0?)
	/var/folders/y_/kb7r59md1yb480xkhkvvp1xh0000gp/T/kiwi-server-sandbox-1323374065/demo_project/math_utils_test.go:16 +0x20
testing.tRunner(0x14000120820, 0x102adf0c0)
	/usr/local/go/src/testing/testing.go:1595 +0xe8
created by testing.(*T).Run in goroutine 1
	/usr/local/go/src/testing/testing.go:1648 +0x33c
FAIL	github.com/ibreakthecloud/kiwi/demo_project	0.548s
FAIL


=== Loop Iteration 1 / 5 ===
[Actor] Simulating edit proposal...
" WHERE id = "cfc4a5d6"

2026/07/06 14:27:42 [32m/Users/karn/Desktop/workspace/steelwing/pkg/orchestrator/server.go:182
[0m[33m[0.849ms] [34;1m[rows:1][0m UPDATE `task_states` SET `logs`="[Orchestrator] Spawned cloud sandbox at: /var/folders/y_/kb7r59md1yb480xkhkvvp1xh0000gp/T/kiwi-server-sandbox-1323374065
[Orchestrator] Desired State: Fix division by zero in Divide()
[Orchestrator] Running initial test command: go test ./demo_project/...
[Orchestrator] Tests failed. Entering correction loop...
[Sandbox Output]:
--- FAIL: TestDivide (0.00s)
panic: runtime error: integer divide by zero [recovered]
	panic: runtime error: integer divide by zero

goroutine 34 [running]:
testing.tRunner.func1.2({0x102ac0580, 0x102b978e0})
	/usr/local/go/src/testing/testing.go:1545 +0x1c8
testing.tRunner.func1()
	/usr/local/go/src/testing/testing.go:1548 +0x360
panic({0x102ac0580?, 0x102b978e0?})
	/usr/local/go/src/runtime/panic.go:914 +0x218
github.com/ibreakthecloud/kiwi/demo_project.Divide(...)
	/var/folders/y_/kb7r59md1yb480xkhkvvp1xh0000gp/T/kiwi-server-sandbox-1323374065/demo_project/math_utils.go:5
github.com/ibreakthecloud/kiwi/demo_project.TestDivide(0x0?)
	/var/folders/y_/kb7r59md1yb480xkhkvvp1xh0000gp/T/kiwi-server-sandbox-1323374065/demo_project/math_utils_test.go:16 +0x20
testing.tRunner(0x14000120820, 0x102adf0c0)
	/usr/local/go/src/testing/testing.go:1595 +0xe8
created by testing.(*T).Run in goroutine 1
	/usr/local/go/src/testing/testing.go:1648 +0x33c
FAIL	github.com/ibreakthecloud/kiwi/demo_project	0.548s
FAIL


=== Loop Iteration 1 / 5 ===
[Actor] Simulating edit proposal...
" WHERE id = "cfc4a5d6"

2026/07/06 14:27:42 [32m/Users/karn/Desktop/workspace/steelwing/pkg/orchestrator/server.go:230
[0m[33m[0.562ms] [34;1m[rows:1][0m SELECT * FROM `task_states` WHERE id = "cfc4a5d6" ORDER BY `task_states`.`id` LIMIT 1

2026/07/06 14:27:42 [32m/Users/karn/Desktop/workspace/steelwing/pkg/orchestrator/server.go:182
[0m[33m[0.299ms] [34;1m[rows:1][0m UPDATE `task_states` SET `logs`="[Orchestrator] Spawned cloud sandbox at: /var/folders/y_/kb7r59md1yb480xkhkvvp1xh0000gp/T/kiwi-server-sandbox-1323374065
[Orchestrator] Desired State: Fix division by zero in Divide()
[Orchestrator] Running initial test command: go test ./demo_project/...
[Orchestrator] Tests failed. Entering correction loop...
[Sandbox Output]:
--- FAIL: TestDivide (0.00s)
panic: runtime error: integer divide by zero [recovered]
	panic: runtime error: integer divide by zero

goroutine 34 [running]:
testing.tRunner.func1.2({0x102ac0580, 0x102b978e0})
	/usr/local/go/src/testing/testing.go:1545 +0x1c8
testing.tRunner.func1()
	/usr/local/go/src/testing/testing.go:1548 +0x360
panic({0x102ac0580?, 0x102b978e0?})
	/usr/local/go/src/runtime/panic.go:914 +0x218
github.com/ibreakthecloud/kiwi/demo_project.Divide(...)
	/var/folders/y_/kb7r59md1yb480xkhkvvp1xh0000gp/T/kiwi-server-sandbox-1323374065/demo_project/math_utils.go:5
github.com/ibreakthecloud/kiwi/demo_project.TestDivide(0x0?)
	/var/folders/y_/kb7r59md1yb480xkhkvvp1xh0000gp/T/kiwi-server-sandbox-1323374065/demo_project/math_utils_test.go:16 +0x20
testing.tRunner(0x14000120820, 0x102adf0c0)
	/usr/local/go/src/testing/testing.go:1595 +0xe8
created by testing.(*T).Run in goroutine 1
	/usr/local/go/src/testing/testing.go:1648 +0x33c
FAIL	github.com/ibreakthecloud/kiwi/demo_project	0.548s
FAIL


=== Loop Iteration 1 / 5 ===
[Actor] Simulating edit proposal...
" WHERE id = "cfc4a5d6"

2026/07/06 14:27:42 [32m/Users/karn/Desktop/workspace/steelwing/pkg/orchestrator/server.go:80
[0m[33m[0.484ms] [34;1m[rows:1][0m SELECT * FROM `task_states` ORDER BY created_at desc

2026/07/06 14:27:43 [32m/Users/karn/Desktop/workspace/steelwing/pkg/orchestrator/server.go:182
[0m[33m[0.357ms] [34;1m[rows:1][0m UPDATE `task_states` SET `logs`="[Orchestrator] Spawned cloud sandbox at: /var/folders/y_/kb7r59md1yb480xkhkvvp1xh0000gp/T/kiwi-server-sandbox-1323374065
[Orchestrator] Desired State: Fix division by zero in Divide()
[Orchestrator] Running initial test command: go test ./demo_project/...
[Orchestrator] Tests failed. Entering correction loop...
[Sandbox Output]:
--- FAIL: TestDivide (0.00s)
panic: runtime error: integer divide by zero [recovered]
	panic: runtime error: integer divide by zero

goroutine 34 [running]:
testing.tRunner.func1.2({0x102ac0580, 0x102b978e0})
	/usr/local/go/src/testing/testing.go:1545 +0x1c8
testing.tRunner.func1()
	/usr/local/go/src/testing/testing.go:1548 +0x360
panic({0x102ac0580?, 0x102b978e0?})
	/usr/local/go/src/runtime/panic.go:914 +0x218
github.com/ibreakthecloud/kiwi/demo_project.Divide(...)
	/var/folders/y_/kb7r59md1yb480xkhkvvp1xh0000gp/T/kiwi-server-sandbox-1323374065/demo_project/math_utils.go:5
github.com/ibreakthecloud/kiwi/demo_project.TestDivide(0x0?)
	/var/folders/y_/kb7r59md1yb480xkhkvvp1xh0000gp/T/kiwi-server-sandbox-1323374065/demo_project/math_utils_test.go:16 +0x20
testing.tRunner(0x14000120820, 0x102adf0c0)
	/usr/local/go/src/testing/testing.go:1595 +0xe8
created by testing.(*T).Run in goroutine 1
	/usr/local/go/src/testing/testing.go:1648 +0x33c
FAIL	github.com/ibreakthecloud/kiwi/demo_project	0.548s
FAIL


=== Loop Iteration 1 / 5 ===
[Actor] Simulating edit proposal...
" WHERE id = "cfc4a5d6"

2026/07/06 14:27:43 [32m/Users/karn/Desktop/workspace/steelwing/pkg/orchestrator/server.go:230
[0m[33m[0.181ms] [34;1m[rows:1][0m SELECT * FROM `task_states` WHERE id = "cfc4a5d6" ORDER BY `task_states`.`id` LIMIT 1

2026/07/06 14:27:43 [32m/Users/karn/Desktop/workspace/steelwing/pkg/orchestrator/server.go:182
[0m[33m[0.748ms] [34;1m[rows:1][0m UPDATE `task_states` SET `logs`="[Orchestrator] Spawned cloud sandbox at: /var/folders/y_/kb7r59md1yb480xkhkvvp1xh0000gp/T/kiwi-server-sandbox-1323374065
[Orchestrator] Desired State: Fix division by zero in Divide()
[Orchestrator] Running initial test command: go test ./demo_project/...
[Orchestrator] Tests failed. Entering correction loop...
[Sandbox Output]:
--- FAIL: TestDivide (0.00s)
panic: runtime error: integer divide by zero [recovered]
	panic: runtime error: integer divide by zero

goroutine 34 [running]:
testing.tRunner.func1.2({0x102ac0580, 0x102b978e0})
	/usr/local/go/src/testing/testing.go:1545 +0x1c8
testing.tRunner.func1()
	/usr/local/go/src/testing/testing.go:1548 +0x360
panic({0x102ac0580?, 0x102b978e0?})
	/usr/local/go/src/runtime/panic.go:914 +0x218
github.com/ibreakthecloud/kiwi/demo_project.Divide(...)
	/var/folders/y_/kb7r59md1yb480xkhkvvp1xh0000gp/T/kiwi-server-sandbox-1323374065/demo_project/math_utils.go:5
github.com/ibreakthecloud/kiwi/demo_project.TestDivide(0x0?)
	/var/folders/y_/kb7r59md1yb480xkhkvvp1xh0000gp/T/kiwi-server-sandbox-1323374065/demo_project/math_utils_test.go:16 +0x20
testing.tRunner(0x14000120820, 0x102adf0c0)
	/usr/local/go/src/testing/testing.go:1595 +0xe8
created by testing.(*T).Run in goroutine 1
	/usr/local/go/src/testing/testing.go:1648 +0x33c
FAIL	github.com/ibreakthecloud/kiwi/demo_project	0.548s
FAIL


=== Loop Iteration 1 / 5 ===
[Actor] Simulating edit proposal...
" WHERE id = "cfc4a5d6"

2026/07/06 14:27:43 [32m/Users/karn/Desktop/workspace/steelwing/pkg/orchestrator/server.go:163
[0m[33m[1.025ms] [34;1m[rows:1][0m UPDATE `task_states` SET `status`="RUNNING" WHERE id = "cfc4a5d6"

2026/07/06 14:27:44 [32m/Users/karn/Desktop/workspace/steelwing/pkg/orchestrator/server.go:182
[0m[33m[0.813ms] [34;1m[rows:1][0m UPDATE `task_states` SET `logs`="[Orchestrator] Spawned cloud sandbox at: /var/folders/y_/kb7r59md1yb480xkhkvvp1xh0000gp/T/kiwi-server-sandbox-1323374065
[Orchestrator] Desired State: Fix division by zero in Divide()
[Orchestrator] Running initial test command: go test ./demo_project/...
[Orchestrator] Tests failed. Entering correction loop...
[Sandbox Output]:
--- FAIL: TestDivide (0.00s)
panic: runtime error: integer divide by zero [recovered]
	panic: runtime error: integer divide by zero

goroutine 34 [running]:
testing.tRunner.func1.2({0x102ac0580, 0x102b978e0})
	/usr/local/go/src/testing/testing.go:1545 +0x1c8
testing.tRunner.func1()
	/usr/local/go/src/testing/testing.go:1548 +0x360
panic({0x102ac0580?, 0x102b978e0?})
	/usr/local/go/src/runtime/panic.go:914 +0x218
github.com/ibreakthecloud/kiwi/demo_project.Divide(...)
	/var/folders/y_/kb7r59md1yb480xkhkvvp1xh0000gp/T/kiwi-server-sandbox-1323374065/demo_project/math_utils.go:5
github.com/ibreakthecloud/kiwi/demo_project.TestDivide(0x0?)
	/var/folders/y_/kb7r59md1yb480xkhkvvp1xh0000gp/T/kiwi-server-sandbox-1323374065/demo_project/math_utils_test.go:16 +0x20
testing.tRunner(0x14000120820, 0x102adf0c0)
	/usr/local/go/src/testing/testing.go:1595 +0xe8
created by testing.(*T).Run in goroutine 1
	/usr/local/go/src/testing/testing.go:1648 +0x33c
FAIL	github.com/ibreakthecloud/kiwi/demo_project	0.548s
FAIL


=== Loop Iteration 1 / 5 ===
[Actor] Simulating edit proposal...
[Actor] Applied proposed code edits to target file.
[Sandbox] Re-running build/tests...
[Orchestrator] Fetching credential 'GITHUB_TOKEN' over reverse tunnel...
" WHERE id = "cfc4a5d6"

2026/07/06 14:27:44 [32m/Users/karn/Desktop/workspace/steelwing/pkg/orchestrator/server.go:230
[0m[33m[1.330ms] [34;1m[rows:1][0m SELECT * FROM `task_states` WHERE id = "cfc4a5d6" ORDER BY `task_states`.`id` LIMIT 1

2026/07/06 14:27:44 [32m/Users/karn/Desktop/workspace/steelwing/pkg/orchestrator/server.go:182
[0m[33m[0.592ms] [34;1m[rows:1][0m UPDATE `task_states` SET `logs`="[Orchestrator] Spawned cloud sandbox at: /var/folders/y_/kb7r59md1yb480xkhkvvp1xh0000gp/T/kiwi-server-sandbox-1323374065
[Orchestrator] Desired State: Fix division by zero in Divide()
[Orchestrator] Running initial test command: go test ./demo_project/...
[Orchestrator] Tests failed. Entering correction loop...
[Sandbox Output]:
--- FAIL: TestDivide (0.00s)
panic: runtime error: integer divide by zero [recovered]
	panic: runtime error: integer divide by zero

goroutine 34 [running]:
testing.tRunner.func1.2({0x102ac0580, 0x102b978e0})
	/usr/local/go/src/testing/testing.go:1545 +0x1c8
testing.tRunner.func1()
	/usr/local/go/src/testing/testing.go:1548 +0x360
panic({0x102ac0580?, 0x102b978e0?})
	/usr/local/go/src/runtime/panic.go:914 +0x218
github.com/ibreakthecloud/kiwi/demo_project.Divide(...)
	/var/folders/y_/kb7r59md1yb480xkhkvvp1xh0000gp/T/kiwi-server-sandbox-1323374065/demo_project/math_utils.go:5
github.com/ibreakthecloud/kiwi/demo_project.TestDivide(0x0?)
	/var/folders/y_/kb7r59md1yb480xkhkvvp1xh0000gp/T/kiwi-server-sandbox-1323374065/demo_project/math_utils_test.go:16 +0x20
testing.tRunner(0x14000120820, 0x102adf0c0)
	/usr/local/go/src/testing/testing.go:1595 +0xe8
created by testing.(*T).Run in goroutine 1
	/usr/local/go/src/testing/testing.go:1648 +0x33c
FAIL	github.com/ibreakthecloud/kiwi/demo_project	0.548s
FAIL


=== Loop Iteration 1 / 5 ===
[Actor] Simulating edit proposal...
[Actor] Applied proposed code edits to target file.
[Sandbox] Re-running build/tests...
[Orchestrator] Fetching credential 'GITHUB_TOKEN' over reverse tunnel...
" WHERE id = "cfc4a5d6"

2026/07/06 14:27:44 [32m/Users/karn/Desktop/workspace/steelwing/pkg/orchestrator/server.go:80
[0m[33m[0.373ms] [34;1m[rows:1][0m SELECT * FROM `task_states` ORDER BY created_at desc

2026/07/06 14:27:44 [32m/Users/karn/Desktop/workspace/steelwing/pkg/orchestrator/server.go:166
[0m[33m[0.839ms] [34;1m[rows:1][0m UPDATE `task_states` SET `cost`=cost + 0.05 WHERE id = "cfc4a5d6"

2026/07/06 14:27:44 [32m/Users/karn/Desktop/workspace/steelwing/pkg/orchestrator/server.go:208
[0m[33m[0.962ms] [34;1m[rows:1][0m UPDATE `task_states` SET `logs`="[Orchestrator] Spawned cloud sandbox at: /var/folders/y_/kb7r59md1yb480xkhkvvp1xh0000gp/T/kiwi-server-sandbox-1323374065
[Orchestrator] Desired State: Fix division by zero in Divide()
[Orchestrator] Running initial test command: go test ./demo_project/...
[Orchestrator] Tests failed. Entering correction loop...
[Sandbox Output]:
--- FAIL: TestDivide (0.00s)
panic: runtime error: integer divide by zero [recovered]
	panic: runtime error: integer divide by zero

goroutine 34 [running]:
testing.tRunner.func1.2({0x102ac0580, 0x102b978e0})
	/usr/local/go/src/testing/testing.go:1545 +0x1c8
testing.tRunner.func1()
	/usr/local/go/src/testing/testing.go:1548 +0x360
panic({0x102ac0580?, 0x102b978e0?})
	/usr/local/go/src/runtime/panic.go:914 +0x218
github.com/ibreakthecloud/kiwi/demo_project.Divide(...)
	/var/folders/y_/kb7r59md1yb480xkhkvvp1xh0000gp/T/kiwi-server-sandbox-1323374065/demo_project/math_utils.go:5
github.com/ibreakthecloud/kiwi/demo_project.TestDivide(0x0?)
	/var/folders/y_/kb7r59md1yb480xkhkvvp1xh0000gp/T/kiwi-server-sandbox-1323374065/demo_project/math_utils_test.go:16 +0x20
testing.tRunner(0x14000120820, 0x102adf0c0)
	/usr/local/go/src/testing/testing.go:1595 +0xe8
created by testing.(*T).Run in goroutine 1
	/usr/local/go/src/testing/testing.go:1648 +0x33c
FAIL	github.com/ibreakthecloud/kiwi/demo_project	0.548s
FAIL


=== Loop Iteration 1 / 5 ===
[Actor] Simulating edit proposal...
[Actor] Applied proposed code edits to target file.
[Sandbox] Re-running build/tests...
[Orchestrator] Fetching credential 'GITHUB_TOKEN' over reverse tunnel...
[Critic] Success: Tests passed, compiler errors cleared.

[Execution Success]: Task completed successfully.
",`status`="SUCCESS" WHERE id = "cfc4a5d6"

2026/07/06 14:27:44 [32m/Users/karn/Desktop/workspace/steelwing/pkg/orchestrator/server.go:179
[0m[33m[0.110ms] [34;1m[rows:1][0m UPDATE `task_states` SET `logs`="[Orchestrator] Spawned cloud sandbox at: /var/folders/y_/kb7r59md1yb480xkhkvvp1xh0000gp/T/kiwi-server-sandbox-1323374065
[Orchestrator] Desired State: Fix division by zero in Divide()
[Orchestrator] Running initial test command: go test ./demo_project/...
[Orchestrator] Tests failed. Entering correction loop...
[Sandbox Output]:
--- FAIL: TestDivide (0.00s)
panic: runtime error: integer divide by zero [recovered]
	panic: runtime error: integer divide by zero

goroutine 34 [running]:
testing.tRunner.func1.2({0x102ac0580, 0x102b978e0})
	/usr/local/go/src/testing/testing.go:1545 +0x1c8
testing.tRunner.func1()
	/usr/local/go/src/testing/testing.go:1548 +0x360
panic({0x102ac0580?, 0x102b978e0?})
	/usr/local/go/src/runtime/panic.go:914 +0x218
github.com/ibreakthecloud/kiwi/demo_project.Divide(...)
	/var/folders/y_/kb7r59md1yb480xkhkvvp1xh0000gp/T/kiwi-server-sandbox-1323374065/demo_project/math_utils.go:5
github.com/ibreakthecloud/kiwi/demo_project.TestDivide(0x0?)
	/var/folders/y_/kb7r59md1yb480xkhkvvp1xh0000gp/T/kiwi-server-sandbox-1323374065/demo_project/math_utils_test.go:16 +0x20
testing.tRunner(0x14000120820, 0x102adf0c0)
	/usr/local/go/src/testing/testing.go:1595 +0xe8
created by testing.(*T).Run in goroutine 1
	/usr/local/go/src/testing/testing.go:1648 +0x33c
FAIL	github.com/ibreakthecloud/kiwi/demo_project	0.548s
FAIL


=== Loop Iteration 1 / 5 ===
[Actor] Simulating edit proposal...
[Actor] Applied proposed code edits to target file.
[Sandbox] Re-running build/tests...
[Orchestrator] Fetching credential 'GITHUB_TOKEN' over reverse tunnel...
[Critic] Success: Tests passed, compiler errors cleared.

[Execution Success]: Task completed successfully.
" WHERE id = "cfc4a5d6"

2026/07/06 14:27:45 [32m/Users/karn/Desktop/workspace/steelwing/pkg/orchestrator/server.go:230
[0m[33m[0.375ms] [34;1m[rows:1][0m SELECT * FROM `task_states` WHERE id = "cfc4a5d6" ORDER BY `task_states`.`id` LIMIT 1

2026/07/06 14:27:45 [32m/Users/karn/Desktop/workspace/steelwing/pkg/orchestrator/server.go:230
[0m[33m[0.094ms] [34;1m[rows:1][0m SELECT * FROM `task_states` WHERE id = "cfc4a5d6" ORDER BY `task_states`.`id` LIMIT 1

2026/07/06 14:27:46 [32m/Users/karn/Desktop/workspace/steelwing/pkg/orchestrator/server.go:80
[0m[33m[0.231ms] [34;1m[rows:1][0m SELECT * FROM `task_states` ORDER BY created_at desc

2026/07/06 14:27:48 [32m/Users/karn/Desktop/workspace/steelwing/pkg/orchestrator/server.go:80
[0m[33m[0.507ms] [34;1m[rows:1][0m SELECT * FROM `task_states` ORDER BY created_at desc

2026/07/06 14:27:49 [32m/Users/karn/Desktop/workspace/steelwing/pkg/orchestrator/server.go:80
[0m[33m[0.225ms] [34;1m[rows:1][0m SELECT * FROM `task_states` ORDER BY created_at desc

2026/07/06 14:27:50 [32m/Users/karn/Desktop/workspace/steelwing/pkg/orchestrator/server.go:80
[0m[33m[0.665ms] [34;1m[rows:1][0m SELECT * FROM `task_states` ORDER BY created_at desc

2026/07/06 14:27:52 [32m/Users/karn/Desktop/workspace/steelwing/pkg/orchestrator/server.go:80
[0m[33m[0.251ms] [34;1m[rows:1][0m SELECT * FROM `task_states` ORDER BY created_at desc

2026/07/06 14:27:54 [32m/Users/karn/Desktop/workspace/steelwing/pkg/orchestrator/server.go:80
[0m[33m[0.671ms] [34;1m[rows:1][0m SELECT * FROM `task_states` ORDER BY created_at desc

2026/07/06 14:27:56 [32m/Users/karn/Desktop/workspace/steelwing/pkg/orchestrator/server.go:80
[0m[33m[1.781ms] [34;1m[rows:1][0m SELECT * FROM `task_states` ORDER BY created_at desc

2026/07/06 14:27:58 [32m/Users/karn/Desktop/workspace/steelwing/pkg/orchestrator/server.go:80
[0m[33m[0.524ms] [34;1m[rows:1][0m SELECT * FROM `task_states` ORDER BY created_at desc
